<?xml version="1.0" encoding="UTF-8"?>
<testng-results ignored="0" total="3" passed="3" failed="0" skipped="0">
  <reporter-output>
  </reporter-output>
  <suite started-at="2021-12-17T01:17:44 IST" name="Surefire suite" finished-at="2021-12-17T01:18:01 IST" duration-ms="17806">
    <groups>
    </groups>
    <test started-at="2021-12-17T01:17:44 IST" name="Surefire test" finished-at="2021-12-17T01:18:01 IST" duration-ms="17806">
      <class name="com.seleniumautomation.mavenproject.ActionTest">
        <test-method signature="initializeBrowser() throws java.lang.InterruptedException" started-at="2021-12-17T01:17:44 IST" name="initializeBrowser" finished-at="2021-12-17T01:17:52 IST" duration-ms="8641" status="PASS">
          <reporter-output>
          </reporter-output>
        </test-method> <!-- initializeBrowser -->
      </class> <!-- com.seleniumautomation.mavenproject.ActionTest -->
      <class name="com.seleniumautomation.mavenproject.BrowserTest">
        <test-method signature="initializeBrowser()" started-at="2021-12-17T01:17:52 IST" name="initializeBrowser" finished-at="2021-12-17T01:18:01 IST" duration-ms="9064" status="PASS">
          <reporter-output>
          </reporter-output>
        </test-method> <!-- initializeBrowser -->
      </class> <!-- com.seleniumautomation.mavenproject.BrowserTest -->
      <class name="com.seleniumautomation.mavenproject.AppTest">
        <test-method signature="shouldAnswerWithTrue()" started-at="2021-12-17T01:17:52 IST" name="shouldAnswerWithTrue" finished-at="2021-12-17T01:17:52 IST" duration-ms="0" status="PASS">
          <reporter-output>
          </reporter-output>
        </test-method> <!-- shouldAnswerWithTrue -->
      </class> <!-- com.seleniumautomation.mavenproject.AppTest -->
    </test> <!-- Surefire test -->
  </suite> <!-- Surefire suite -->
</testng-results>
