<?xml version="1.0" encoding="UTF-8"?>
<!-- Generated by org.testng.reporters.JUnitXMLReporter -->
<testsuite ignored="0" hostname="L70201" failures="0" tests="8" name="Surefire test" time="44.656" errors="0" timestamp="2021-12-17T01:17:43 IST">
  <testcase classname="com.seleniumautomation.mavenproject.AllLinksTest" name="linkTestRespCode" time="15.963"/>
  <testcase classname="com.seleniumautomation.mavenproject.FramesTest" name="initializeBrowser" time="9.505"/>
  <testcase classname="com.seleniumautomation.mavenproject.LinksTest" name="testlinks" time="9.295"/>
  <testcase classname="com.seleniumautomation.mavenproject.ScreenshotTest" name="takeScreenshot" time="9.738"/>
  <testcase classname="com.seleniumautomation.mavenproject.TestNGAnnotationTest" name="firstTest" time="0.0"/>
  <testcase classname="com.seleniumautomation.mavenproject.TestNGAnnotationTest" name="secondTest" time="0.0"/>
  <testcase classname="com.seleniumautomation.mavenproject.TestNGAnnotationTest" name="thirdTest" time="0.0"/>
  <testcase classname="com.seleniumautomation.mavenproject.TestNGAnnotationTest" name="fourthTest" time="0.0"/>
</testsuite> <!-- Surefire test -->
