<?xml version="1.0" encoding="UTF-8"?>
<testsuite xmlns:xsi="http://www.w3.org/2001/XMLSchema-instance" xsi:noNamespaceSchemaLocation="https://maven.apache.org/surefire/maven-surefire-plugin/xsd/surefire-test-report-3.0.xsd" version="3.0" name="TestSuite" time="63.052" tests="11" errors="0" skipped="0" failures="0">
  <properties>
[...]
</properties>
  <testcase name="linkTestRespCode" classname="com.seleniumautomation.mavenproject.AllLinksTest" time="15.972">
    <system-out><![CDATA[C:\Users\borav\eclipse-workspace\mavenproject\reports\index.html
200
301
200
200
200
200
404
200
200
200
200
200
200
200
200
200
200
200
200
200
]]></system-out>
    <system-err><![CDATA[1639684019836	geckodriver	INFO	Listening on 127.0.0.1:36318
1639684020008	mozrunner::runner	INFO	Running command: "C:\\Program Files\\Mozilla Firefox\\firefox.exe" "--marionette" "-no-remote" "-profile" "C:\\Users\\borav\\AppData\\Local\\Temp\\rust_mozprofile86mxTN"
1639684020513	Marionette	INFO	Marionette enabled
console.warn: SearchSettings: "get: No settings file exists, new profile?" (new NotFoundError("Could not open the file at C:\\Users\\borav\\AppData\\Local\\Temp\\rust_mozprofile86mxTN\\search.json.mozlz4", (void 0)))
1639684023156	Marionette	INFO	Listening on port 57818
Dec 17, 2021 1:17:03 AM org.openqa.selenium.remote.ProtocolHandshake createSession
INFO: Detected dialect: W3C
JavaScript warning: https://pagead2.googlesyndication.com/bg/U_DPXy_vflqTjVU_YutWJm0axOJE633NQGMGFEhf2s0.js line 1 > eval line 2566 > eval, line 1: WEBGL_debug_renderer_info is deprecated in Firefox and will be removed. Please use RENDERER.
1639684034227	Marionette	INFO	Stopped listening on port 57818

###!!! [Parent][MessageChannel] Error: (msgtype=0x39014D,name=PContent::Reply_DiscardBrowsingContext) Closed channel: cannot send/recv


###!!! [Parent][MessageChannel] Error: (msgtype=0x39014D,name=PContent::Reply_DiscardBrowsingContext) Closed channel: cannot send/recv


###!!! [Parent][MessageChannel] Error: (msgtype=0x39014D,name=PContent::Reply_DiscardBrowsingContext) Closed channel: cannot send/recv


###!!! [Parent][MessageChannel] Error: (msgtype=0x39014D,name=PContent::Reply_DiscardBrowsingContext) Closed channel: cannot send/recv


###!!! [Parent][MessageChannel] Error: (msgtype=0x39007A,name=PContent::Msg_DestroyBrowsingContextGroup) Closed channel: cannot send/recv

JavaScript error: resource://gre/modules/Sqlite.jsm, line 1059: Error: Sqlite.jsm has been shutdown. Cannot open connection to: C:\Users\borav\AppData\Local\Temp\rust_mozprofile86mxTN\protections.sqlite

###!!! [Child][RunMessage] Error: Channel closing: too late to send/recv, messages will be lost


###!!! [Child][RunMessage] Error: Channel closing: too late to send/recv, messages will be lost


###!!! [Child][RunMessage] Error: Channel closing: too late to send/recv, messages will be lost


###!!! [Child][RunMessage] Error: Channel closing: too late to send/recv, messages will be lost


###!!! [Child][RunMessage] Error: Channel closing: too late to send/recv, messages will be lost

]]></system-err>
  </testcase>
  <testcase name="initializeBrowser" classname="com.seleniumautomation.mavenproject.FramesTest" time="9.568">
    <system-err><![CDATA[1639684035457	geckodriver	INFO	Listening on 127.0.0.1:39436
1639684035473	mozrunner::runner	INFO	Running command: "C:\\Program Files\\Mozilla Firefox\\firefox.exe" "--marionette" "-no-remote" "-profile" "C:\\Users\\borav\\AppData\\Local\\Temp\\rust_mozprofileGc1sqW"
1639684035964	Marionette	INFO	Marionette enabled
console.warn: SearchSettings: "get: No settings file exists, new profile?" (new NotFoundError("Could not open the file at C:\\Users\\borav\\AppData\\Local\\Temp\\rust_mozprofileGc1sqW\\search.json.mozlz4", (void 0)))
1639684038533	Marionette	INFO	Listening on port 58004
Dec 17, 2021 1:17:18 AM org.openqa.selenium.remote.ProtocolHandshake createSession
INFO: Detected dialect: W3C
1639684044036	Marionette	INFO	Stopped listening on port 58004
]]></system-err>
  </testcase>
  <testcase name="testlinks" classname="com.seleniumautomation.mavenproject.LinksTest" time="9.279">
    <system-out><![CDATA[Link Count is : 27
Link Count is : 3
Link Count is : 20
]]></system-out>
    <system-err><![CDATA[1639684044987	geckodriver	INFO	Listening on 127.0.0.1:27342
1639684045006	mozrunner::runner	INFO	Running command: "C:\\Program Files\\Mozilla Firefox\\firefox.exe" "--marionette" "-no-remote" "-profile" "C:\\Users\\borav\\AppData\\Local\\Temp\\rust_mozprofileMGILTt"
1639684045512	Marionette	INFO	Marionette enabled
console.warn: SearchSettings: "get: No settings file exists, new profile?" (new NotFoundError("Could not open the file at C:\\Users\\borav\\AppData\\Local\\Temp\\rust_mozprofileMGILTt\\search.json.mozlz4", (void 0)))
1639684048241	Marionette	INFO	Listening on port 58137
Dec 17, 2021 1:17:28 AM org.openqa.selenium.remote.ProtocolHandshake createSession
INFO: Detected dialect: W3C
1639684053164	Marionette	INFO	Stopped listening on port 58137

###!!! [Parent][MessageChannel] Error: (msgtype=0x39014D,name=PContent::Reply_DiscardBrowsingContext) Closed channel: cannot send/recv


###!!! [Parent][MessageChannel] Error: (msgtype=0x39014D,name=PContent::Reply_DiscardBrowsingContext) Closed channel: cannot send/recv


###!!! [Parent][MessageChannel] Error: (msgtype=0x39014D,name=PContent::Reply_DiscardBrowsingContext) Closed channel: cannot send/recv


###!!! [Child][RunMessage] Error: Channel closing: too late to send/recv, messages will be lost


###!!! [Child][RunMessage] Error: Channel closing: too late to send/recv, messages will be lost


###!!! [Child][RunMessage] Error: Channel closing: too late to send/recv, messages will be lost


###!!! [Parent][MessageChannel] Error: (msgtype=0x39007A,name=PContent::Msg_DestroyBrowsingContextGroup) Closed channel: cannot send/recv

JavaScript error: resource://gre/modules/Sqlite.jsm, line 1059: Error: Sqlite.jsm has been shutdown. Cannot open connection to: C:\Users\borav\AppData\Local\Temp\rust_mozprofileMGILTt\protections.sqlite

###!!! [Parent][RunMessage] Error: Channel closing: too late to send/recv, messages will be lost

]]></system-err>
  </testcase>
  <testcase name="takeScreenshot" classname="com.seleniumautomation.mavenproject.ScreenshotTest" time="10.007">
    <system-err><![CDATA[1639684054264	geckodriver	INFO	Listening on 127.0.0.1:30210
1639684054296	mozrunner::runner	INFO	Running command: "C:\\Program Files\\Mozilla Firefox\\firefox.exe" "--marionette" "-no-remote" "-profile" "C:\\Users\\borav\\AppData\\Local\\Temp\\rust_mozprofileP85iy3"
1639684054758	Marionette	INFO	Marionette enabled
console.warn: SearchSettings: "get: No settings file exists, new profile?" (new NotFoundError("Could not open the file at C:\\Users\\borav\\AppData\\Local\\Temp\\rust_mozprofileP85iy3\\search.json.mozlz4", (void 0)))
1639684057678	Marionette	INFO	Listening on port 58289
Dec 17, 2021 1:17:37 AM org.openqa.selenium.remote.ProtocolHandshake createSession
INFO: Detected dialect: W3C
1639684062825	Marionette	INFO	Stopped listening on port 58289

###!!! [Parent][MessageChannel] Error: (msgtype=0x39014D,name=PContent::Reply_DiscardBrowsingContext) Closed channel: cannot send/recv


###!!! [Parent][MessageChannel] Error: (msgtype=0x39014D,name=PContent::Reply_DiscardBrowsingContext) Closed channel: cannot send/recv


###!!! [Parent][MessageChannel] Error: (msgtype=0x39014D,name=PContent::Reply_DiscardBrowsingContext) Closed channel: cannot send/recv


###!!! [Parent][MessageChannel] Error: (msgtype=0x39007A,name=PContent::Msg_DestroyBrowsingContextGroup) Closed channel: cannot send/recv

JavaScript error: resource://gre/modules/Sqlite.jsm, line 1059: Error: Sqlite.jsm has been shutdown. Cannot open connection to: C:\Users\borav\AppData\Local\Temp\rust_mozprofileP85iy3\protections.sqlite

###!!! [Child][MessageChannel] Error: (msgtype=0x590008,name=PHttpChannel::Msg_DeletingChannel) Channel closing: too late to send/recv, messages will be lost


###!!! [Child][RunMessage] Error: Channel closing: too late to send/recv, messages will be lost


###!!! [Child][RunMessage] Error: Channel closing: too late to send/recv, messages will be lost


###!!! [Child][RunMessage] Error: Channel closing: too late to send/recv, messages will be lost


###!!! [Child][RunMessage] Error: Channel closing: too late to send/recv, messages will be lost

]]></system-err>
  </testcase>
  <testcase name="firstTest" classname="com.seleniumautomation.mavenproject.TestNGAnnotationTest" time="0.001">
    <system-out><![CDATA[First Test
]]></system-out>
  </testcase>
  <testcase name="secondTest" classname="com.seleniumautomation.mavenproject.TestNGAnnotationTest" time="0.005">
    <system-out><![CDATA[Second Test
]]></system-out>
  </testcase>
  <testcase name="thirdTest" classname="com.seleniumautomation.mavenproject.TestNGAnnotationTest" time="0.001">
    <system-out><![CDATA[Third Test
]]></system-out>
  </testcase>
  <testcase name="fourthTest" classname="com.seleniumautomation.mavenproject.TestNGAnnotationTest" time="0.007">
    <system-out><![CDATA[Fourth Test
]]></system-out>
  </testcase>
  <testcase name="initializeBrowser on initializeBrowser(com.seleniumautomation.mavenproject.ActionTest)" classname="com.seleniumautomation.mavenproject.ActionTest" time="8.568">
    <system-err><![CDATA[1639684064297	geckodriver	INFO	Listening on 127.0.0.1:46092
1639684064319	mozrunner::runner	INFO	Running command: "C:\\Program Files\\Mozilla Firefox\\firefox.exe" "--marionette" "-no-remote" "-profile" "C:\\Users\\borav\\AppData\\Local\\Temp\\rust_mozprofile55DTcD"
1639684064904	Marionette	INFO	Marionette enabled
console.warn: SearchSettings: "get: No settings file exists, new profile?" (new NotFoundError("Could not open the file at C:\\Users\\borav\\AppData\\Local\\Temp\\rust_mozprofile55DTcD\\search.json.mozlz4", (void 0)))
1639684067744	Marionette	INFO	Listening on port 58439
Dec 17, 2021 1:17:48 AM org.openqa.selenium.remote.ProtocolHandshake createSession
INFO: Detected dialect: W3C
1639684071893	Marionette	INFO	Stopped listening on port 58439

###!!! [Child][RunMessage] Error: Channel closing: too late to send/recv, messages will be lost


###!!! [Child][RunMessage] Error: Channel closing: too late to send/recv, messages will be lost


###!!! [Parent][MessageChannel] Error: (msgtype=0x39007A,name=PContent::Msg_DestroyBrowsingContextGroup) Closed channel: cannot send/recv

JavaScript error: resource://gre/modules/Sqlite.jsm, line 1059: Error: Sqlite.jsm has been shutdown. Cannot open connection to: C:\Users\borav\AppData\Local\Temp\rust_mozprofile55DTcD\protections.sqlite
]]></system-err>
  </testcase>
  <testcase name="shouldAnswerWithTrue on shouldAnswerWithTrue(com.seleniumautomation.mavenproject.AppTest)" classname="com.seleniumautomation.mavenproject.AppTest" time="0"/>
  <testcase name="initializeBrowser on initializeBrowser(com.seleniumautomation.mavenproject.BrowserTest)" classname="com.seleniumautomation.mavenproject.BrowserTest" time="9.171">
    <system-out><![CDATA[Free Access to InterviewQues/ResumeAssistance/Material
]]></system-out>
    <system-err><![CDATA[1639684072892	geckodriver	INFO	Listening on 127.0.0.1:5787
1639684072918	mozrunner::runner	INFO	Running command: "C:\\Program Files\\Mozilla Firefox\\firefox.exe" "--marionette" "-no-remote" "-profile" "C:\\Users\\borav\\AppData\\Local\\Temp\\rust_mozprofilegukyjx"
1639684073386	Marionette	INFO	Marionette enabled
console.warn: SearchSettings: "get: No settings file exists, new profile?" (new NotFoundError("Could not open the file at C:\\Users\\borav\\AppData\\Local\\Temp\\rust_mozprofilegukyjx\\search.json.mozlz4", (void 0)))
1639684076345	Marionette	INFO	Listening on port 58565
Dec 17, 2021 1:17:56 AM org.openqa.selenium.remote.ProtocolHandshake createSession
INFO: Detected dialect: W3C
1639684080921	Marionette	INFO	Stopped listening on port 58565

###!!! [Parent][MessageChannel] Error: (msgtype=0x39014D,name=PContent::Reply_DiscardBrowsingContext) Closed channel: cannot send/recv


###!!! [Parent][MessageChannel] Error: (msgtype=0x39014D,name=PContent::Reply_DiscardBrowsingContext) Closed channel: cannot send/recv


###!!! [Parent][MessageChannel] Error: (msgtype=0x39014D,name=PContent::Reply_DiscardBrowsingContext) Closed channel: cannot send/recv


###!!! [Parent][MessageChannel] Error: (msgtype=0x39007A,name=PContent::Msg_DestroyBrowsingContextGroup) Closed channel: cannot send/recv

JavaScript error: resource://gre/modules/Sqlite.jsm, line 1059: Error: Sqlite.jsm has been shutdown. Cannot open connection to: C:\Users\borav\AppData\Local\Temp\rust_mozprofilegukyjx\protections.sqlite

###!!! [Child][MessageChannel] Error: (msgtype=0x590007,name=PHttpChannel::Msg_RemoveCorsPreflightCacheEntry) Channel closing: too late to send/recv, messages will be lost


###!!! [Child][MessageChannel] Error: (msgtype=0x590008,name=PHttpChannel::Msg_DeletingChannel) Channel closing: too late to send/recv, messages will be lost


###!!! [Child][RunMessage] Error: Channel closing: too late to send/recv, messages will be lost


###!!! [Child][RunMessage] Error: Channel closing: too late to send/recv, messages will be lost


###!!! [Child][RunMessage] Error: Channel closing: too late to send/recv, messages will be lost


###!!! [Child][RunMessage] Error: Channel closing: too late to send/recv, messages will be lost

]]></system-err>
  </testcase>
</testsuite>