<?xml version="1.0" encoding="UTF-8"?>
<!-- Generated by org.testng.reporters.JUnitXMLReporter -->
<testsuite ignored="0" hostname="L70201" failures="0" tests="3" name="Surefire test" time="17.806" errors="0" timestamp="2021-12-17T01:18:01 IST">
  <testcase classname="com.seleniumautomation.mavenproject.ActionTest" name="initializeBrowser on initializeBrowser(com.seleniumautomation.mavenproject.ActionTest)" time="8.641"/>
  <testcase classname="com.seleniumautomation.mavenproject.AppTest" name="shouldAnswerWithTrue on shouldAnswerWithTrue(com.seleniumautomation.mavenproject.AppTest)" time="0.0"/>
  <testcase classname="com.seleniumautomation.mavenproject.BrowserTest" name="initializeBrowser on initializeBrowser(com.seleniumautomation.mavenproject.BrowserTest)" time="9.064"/>
</testsuite> <!-- Surefire test -->
